Unable to capture context for thread 13452 in process 17724, can not generate back trace
Unable to capture context for thread 11704 in process 17724, can not generate back trace
Exception at PC 0x00007FFD63E4BB93
Printing stacktrace...

[0]  [0x00007FFD63E4BB93]
[1]  [0x00007FFD63E4BB93]
[2]  [0x00007FFD63E4B4A1]
[3]  [0x00007FFD63E4B3EF]
[4]  [0x00007FFD63E319FE]
[5]  [0x00007FFD63E30ED1]
[6]  [0x00007FFD63E30D76]
[7]  [0x00007FFD63DD79F6]
[8]  [0x00007FFD63DC7AFB]
[9]  [0x00007FFD63EEE90A]
[10]  [0x00007FFD63F09F87]
[11]  [0x00007FFD63F0A05F]
[12] (BaseThreadInitThunk+0x14) [0x00007FFDD3158364]
[13] (RtlUserThreadStart+0x21) [0x00007FFDD32D5E91]
Done
Exception at PC 0x00007FFD63B51A52
Attemped to write at address 0x00007FFDAB90ABA4
Printing stacktrace...

[0]  [0x00007FFD63B51A52]
[1]  [0x00007FFD63B51A52]
[2]  [0x00007FFD63B51AD4]
[3]  [0x00007FFD63C93FF7]
[4]  [0x00007FFD63B79128]
[5]  [0x00007FFD63E2DFB9]
[6]  [0x00007FFD63FFEF23]
[7]  [0x00007FFD63F0B06B]
[8]  [0x00007FFD63F008AF]
[9]  [0x00007FFD63F00A32]
[10] (RtlDeactivateActivationContextUnsafeFast+0x1bf) [0x00007FFDD3299D9F]
[11] (LdrShutdownProcess+0x14b) [0x00007FFDD327806B]
[12] (RtlExitUserProcess+0xb4) [0x00007FFDD3277D94]
[13] (ExitProcess+0xa) [0x00007FFDD316CE6A]
[14] (exit+0x85) [0x00007FFDD304A4A5]
[15] (initterm_e+0x231) [0x00007FFDD304AB01]
[16]  [0x00000000004014CD]
[17]  [0x000000000040151B]
[18] (BaseThreadInitThunk+0x14) [0x00007FFDD3158364]
[19] (RtlUserThreadStart+0x21) [0x00007FFDD32D5E91]
Done
