
*** Running vivado
    with args -log calculator_12.vdi -applog -m64 -product Vivado -messageDb vivado.pb -mode batch -source calculator_12.tcl -notrace


****** Vivado v2017.2 (64-bit)
  **** SW Build 1909853 on Thu Jun 15 18:39:09 MDT 2017
  **** IP Build 1909766 on Thu Jun 15 19:58:00 MDT 2017
    ** Copyright 1986-2017 Xilinx, Inc. All Rights Reserved.

source calculator_12.tcl -notrace
INFO: [IP_Flow 19-234] Refreshing IP repositories
INFO: [IP_Flow 19-1700] Loaded user IP repository 'c:/Users/Lenovo/Desktop/74IP'.
WARNING: [IP_Flow 19-3685] Ignored loading user repository 'c:/Users/Lenovo/Desktop/74IP/xup_clk_div_1.0'. The path is contained within another repository.
INFO: [IP_Flow 19-2313] Loaded Vivado IP repository 'E:/Vivado/Vivado/2017.2/data/ip'.
add_files: Time (s): cpu = 00:00:01 ; elapsed = 00:01:39 . Memory (MB): peak = 247.020 ; gain = 16.027
Design is defaulting to srcset: sources_1
Design is defaulting to constrset: constrs_1
INFO: [Project 1-454] Reading design checkpoint 'e:/VivadoProjects/sync_12_calculator/sync_12_calculator.srcs/sources_1/bd/calculator_12/ip/calculator_12_Ground_0_0/calculator_12_Ground_0_0.dcp' for cell 'Ground_0'
INFO: [Project 1-454] Reading design checkpoint 'e:/VivadoProjects/sync_12_calculator/sync_12_calculator.srcs/sources_1/bd/calculator_12/ip/calculator_12_HIGH_0_0/calculator_12_HIGH_0_0.dcp' for cell 'HIGH_0'
INFO: [Project 1-454] Reading design checkpoint 'e:/VivadoProjects/sync_12_calculator/sync_12_calculator.srcs/sources_1/bd/calculator_12/ip/calculator_12_HIGH_1_0/calculator_12_HIGH_1_0.dcp' for cell 'HIGH_1'
INFO: [Project 1-454] Reading design checkpoint 'e:/VivadoProjects/sync_12_calculator/sync_12_calculator.srcs/sources_1/bd/calculator_12/ip/calculator_12_NOT_0_0/calculator_12_NOT_0_0.dcp' for cell 'NOT_0'
INFO: [Project 1-454] Reading design checkpoint 'e:/VivadoProjects/sync_12_calculator/sync_12_calculator.srcs/sources_1/bd/calculator_12/ip/calculator_12_NOT_1_0/calculator_12_NOT_1_0.dcp' for cell 'NOT_1'
INFO: [Project 1-454] Reading design checkpoint 'e:/VivadoProjects/sync_12_calculator/sync_12_calculator.srcs/sources_1/bd/calculator_12/ip/calculator_12_NOT_2_0/calculator_12_NOT_2_0.dcp' for cell 'NOT_2'
INFO: [Project 1-454] Reading design checkpoint 'e:/VivadoProjects/sync_12_calculator/sync_12_calculator.srcs/sources_1/bd/calculator_12/ip/calculator_12_NOT_3_0/calculator_12_NOT_3_0.dcp' for cell 'NOT_3'
INFO: [Project 1-454] Reading design checkpoint 'e:/VivadoProjects/sync_12_calculator/sync_12_calculator.srcs/sources_1/bd/calculator_12/ip/calculator_12_OR_0_1/calculator_12_OR_0_1.dcp' for cell 'OR_0'
INFO: [Project 1-454] Reading design checkpoint 'e:/VivadoProjects/sync_12_calculator/sync_12_calculator.srcs/sources_1/bd/calculator_12/ip/calculator_12_OR_1_0/calculator_12_OR_1_0.dcp' for cell 'OR_1'
INFO: [Project 1-454] Reading design checkpoint 'e:/VivadoProjects/sync_12_calculator/sync_12_calculator.srcs/sources_1/bd/calculator_12/ip/calculator_12_bcdchange_1_1/calculator_12_bcdchange_1_1.dcp' for cell 'bcdchange_1'
INFO: [Project 1-454] Reading design checkpoint 'e:/VivadoProjects/sync_12_calculator/sync_12_calculator.srcs/sources_1/bd/calculator_12/ip/calculator_12_calcaulator_0_0/calculator_12_calcaulator_0_0.dcp' for cell 'calcaulator_0'
INFO: [Project 1-454] Reading design checkpoint 'e:/VivadoProjects/sync_12_calculator/sync_12_calculator.srcs/sources_1/bd/calculator_12/ip/calculator_12_clk_div_0_0/calculator_12_clk_div_0_0.dcp' for cell 'clk_div_0'
INFO: [Project 1-454] Reading design checkpoint 'e:/VivadoProjects/sync_12_calculator/sync_12_calculator.srcs/sources_1/bd/calculator_12/ip/calculator_12_clk_div_1_0/calculator_12_clk_div_1_0.dcp' for cell 'clk_div_1'
INFO: [Project 1-454] Reading design checkpoint 'e:/VivadoProjects/sync_12_calculator/sync_12_calculator.srcs/sources_1/bd/calculator_12/ip/calculator_12_decimal_counter_0_0/calculator_12_decimal_counter_0_0.dcp' for cell 'decimal_counter_0'
INFO: [Project 1-454] Reading design checkpoint 'e:/VivadoProjects/sync_12_calculator/sync_12_calculator.srcs/sources_1/bd/calculator_12/ip/calculator_12_four_2_input_and_gate_0_0/calculator_12_four_2_input_and_gate_0_0.dcp' for cell 'four_2_input_and_gate_0'
INFO: [Project 1-454] Reading design checkpoint 'e:/VivadoProjects/sync_12_calculator/sync_12_calculator.srcs/sources_1/bd/calculator_12/ip/calculator_12_mux_8_to_1_0_0/calculator_12_mux_8_to_1_0_0.dcp' for cell 'mux_8_to_1_0'
INFO: [Project 1-454] Reading design checkpoint 'e:/VivadoProjects/sync_12_calculator/sync_12_calculator.srcs/sources_1/bd/calculator_12/ip/calculator_12_mux_8_to_1_1_0/calculator_12_mux_8_to_1_1_0.dcp' for cell 'mux_8_to_1_1'
INFO: [Project 1-454] Reading design checkpoint 'e:/VivadoProjects/sync_12_calculator/sync_12_calculator.srcs/sources_1/bd/calculator_12/ip/calculator_12_mux_8_to_1_1_1/calculator_12_mux_8_to_1_1_1.dcp' for cell 'mux_8_to_1_2'
INFO: [Project 1-454] Reading design checkpoint 'e:/VivadoProjects/sync_12_calculator/sync_12_calculator.srcs/sources_1/bd/calculator_12/ip/calculator_12_mux_8_to_1_1_2/calculator_12_mux_8_to_1_1_2.dcp' for cell 'mux_8_to_1_3'
INFO: [Project 1-454] Reading design checkpoint 'e:/VivadoProjects/sync_12_calculator/sync_12_calculator.srcs/sources_1/bd/calculator_12/ip/calculator_12_three_and_0_0/calculator_12_three_and_0_0.dcp' for cell 'three_and_0'
INFO: [Project 1-454] Reading design checkpoint 'e:/VivadoProjects/sync_12_calculator/sync_12_calculator.srcs/sources_1/bd/calculator_12/ip/calculator_12_turn_3_0_0/calculator_12_turn_3_0_0.dcp' for cell 'turn_3_0'
INFO: [Netlist 29-17] Analyzing 18 Unisim elements for replacement
INFO: [Netlist 29-28] Unisim Transformation completed in 0 CPU seconds
INFO: [Project 1-479] Netlist was created with Vivado 2017.2
INFO: [Device 21-403] Loading part xc7a35tcpg236-1
INFO: [Project 1-570] Preparing netlist for logic optimization
Parsing XDC File [E:/VivadoProjects/sync_12_calculator/sync_12_calculator.srcs/constrs_1/new/sc.xdc]
Finished Parsing XDC File [E:/VivadoProjects/sync_12_calculator/sync_12_calculator.srcs/constrs_1/new/sc.xdc]
INFO: [Opt 31-138] Pushed 0 inverter(s) to 0 load pin(s).
INFO: [Project 1-111] Unisim Transformation Summary:
No Unisim elements were transformed.

link_design: Time (s): cpu = 00:00:07 ; elapsed = 00:00:23 . Memory (MB): peak = 518.293 ; gain = 271.273
INFO: [Vivado_Tcl 4-424] Cannot write hardware definition file as there are no IPI block design hardware handoff files present
Command: opt_design
Attempting to get a license for feature 'Implementation' and/or device 'xc7a35t-cpg236'
INFO: [Common 17-349] Got license for feature 'Implementation' and/or device 'xc7a35t-cpg236'
Running DRC as a precondition to command opt_design

Starting DRC Task
Command: report_drc (run_mandatory_drcs) for: opt_checks
INFO: [DRC 23-27] Running DRC with 2 threads
report_drc (run_mandatory_drcs) completed successfully
INFO: [Project 1-461] DRC finished with 0 Errors
INFO: [Project 1-462] Please refer to the DRC report (report_drc) for more information.

Time (s): cpu = 00:00:01 ; elapsed = 00:00:00.561 . Memory (MB): peak = 528.938 ; gain = 10.645
INFO: [Timing 38-35] Done setting XDC timing constraints.

Starting Logic Optimization Task

Phase 1 Retarget
INFO: [Opt 31-138] Pushed 3 inverter(s) to 4 load pin(s).
INFO: [Opt 31-49] Retargeted 0 cell(s).
Phase 1 Retarget | Checksum: effa56d0

Time (s): cpu = 00:00:00 ; elapsed = 00:00:00.049 . Memory (MB): peak = 1031.355 ; gain = 0.000
INFO: [Opt 31-389] Phase Retarget created 0 cells and removed 65 cells

Phase 2 Constant propagation
INFO: [Opt 31-138] Pushed 0 inverter(s) to 0 load pin(s).
Phase 2 Constant propagation | Checksum: 1dd07b644

Time (s): cpu = 00:00:00 ; elapsed = 00:00:00.066 . Memory (MB): peak = 1031.355 ; gain = 0.000
INFO: [Opt 31-389] Phase Constant propagation created 5 cells and removed 26 cells

Phase 3 Sweep
Phase 3 Sweep | Checksum: 183e063e1

Time (s): cpu = 00:00:00 ; elapsed = 00:00:00.080 . Memory (MB): peak = 1031.355 ; gain = 0.000
INFO: [Opt 31-389] Phase Sweep created 0 cells and removed 6 cells

Phase 4 BUFG optimization
INFO: [Opt 31-194] Inserted BUFG CLK_IBUF_BUFG_inst to drive 66 load(s) on clock net CLK_IBUF_BUFG
INFO: [Opt 31-193] Inserted 1 BUFG(s) on clock nets
Phase 4 BUFG optimization | Checksum: 1d9ddb62e

Time (s): cpu = 00:00:00 ; elapsed = 00:00:00.092 . Memory (MB): peak = 1031.355 ; gain = 0.000
INFO: [Opt 31-389] Phase BUFG optimization created 1 cells and removed 0 cells

Phase 5 Shift Register Optimization
Phase 5 Shift Register Optimization | Checksum: 1d9ddb62e

Time (s): cpu = 00:00:00 ; elapsed = 00:00:00.093 . Memory (MB): peak = 1031.355 ; gain = 0.000
INFO: [Opt 31-389] Phase Shift Register Optimization created 0 cells and removed 0 cells

Starting Connectivity Check Task

Time (s): cpu = 00:00:00 ; elapsed = 00:00:00.001 . Memory (MB): peak = 1031.355 ; gain = 0.000
Ending Logic Optimization Task | Checksum: 1d9ddb62e

Time (s): cpu = 00:00:00 ; elapsed = 00:00:00.094 . Memory (MB): peak = 1031.355 ; gain = 0.000

Starting Power Optimization Task
INFO: [Pwropt 34-132] Skipping clock gating for clocks with a period < 2.00 ns.
Ending Power Optimization Task | Checksum: 206391e8e

Time (s): cpu = 00:00:00 ; elapsed = 00:00:00.007 . Memory (MB): peak = 1031.355 ; gain = 0.000
48 Infos, 1 Warnings, 0 Critical Warnings and 0 Errors encountered.
opt_design completed successfully
opt_design: Time (s): cpu = 00:00:14 ; elapsed = 00:00:13 . Memory (MB): peak = 1031.355 ; gain = 513.063
Writing placer database...
Writing XDEF routing.
Writing XDEF routing logical nets.
Writing XDEF routing special nets.
Write XDEF Complete: Time (s): cpu = 00:00:00 ; elapsed = 00:00:00.047 . Memory (MB): peak = 1031.355 ; gain = 0.000
INFO: [Common 17-1381] The checkpoint 'E:/VivadoProjects/sync_12_calculator/sync_12_calculator.runs/impl_1/calculator_12_opt.dcp' has been generated.
Command: report_drc -file calculator_12_drc_opted.rpt
INFO: [DRC 23-27] Running DRC with 2 threads
INFO: [Coretcl 2-168] The results of DRC are in file E:/VivadoProjects/sync_12_calculator/sync_12_calculator.runs/impl_1/calculator_12_drc_opted.rpt.
report_drc completed successfully
INFO: [Chipscope 16-241] No debug cores found in the current design.
Before running the implement_debug_core command, either use the Set Up Debug wizard (GUI mode)
or use the create_debug_core and connect_debug_core Tcl commands to insert debug cores into the design.
Command: place_design
Attempting to get a license for feature 'Implementation' and/or device 'xc7a35t-cpg236'
INFO: [Common 17-349] Got license for feature 'Implementation' and/or device 'xc7a35t-cpg236'
Command: report_drc (run_mandatory_drcs) for: incr_eco_checks
INFO: [DRC 23-27] Running DRC with 2 threads
report_drc (run_mandatory_drcs) completed successfully
INFO: [Vivado_Tcl 4-198] DRC finished with 0 Errors
INFO: [Vivado_Tcl 4-199] Please refer to the DRC report (report_drc) for more information.
Running DRC as a precondition to command place_design
Command: report_drc (run_mandatory_drcs) for: placer_checks
INFO: [DRC 23-27] Running DRC with 2 threads
report_drc (run_mandatory_drcs) completed successfully
INFO: [Vivado_Tcl 4-198] DRC finished with 0 Errors
INFO: [Vivado_Tcl 4-199] Please refer to the DRC report (report_drc) for more information.

Starting Placer Task
INFO: [Place 30-611] Multithreading enabled for place_design using a maximum of 2 CPUs

Phase 1 Placer Initialization

Phase 1.1 Placer Initialization Netlist Sorting
Netlist sorting complete. Time (s): cpu = 00:00:00 ; elapsed = 00:00:00.001 . Memory (MB): peak = 1031.355 ; gain = 0.000
Phase 1.1 Placer Initialization Netlist Sorting | Checksum: 13c0bce06

Time (s): cpu = 00:00:00 ; elapsed = 00:00:00.003 . Memory (MB): peak = 1031.355 ; gain = 0.000
INFO: [Timing 38-35] Done setting XDC timing constraints.
INFO: [Opt 31-138] Pushed 0 inverter(s) to 0 load pin(s).
Netlist sorting complete. Time (s): cpu = 00:00:00 ; elapsed = 00:00:00.001 . Memory (MB): peak = 1031.355 ; gain = 0.000

Phase 1.2 IO Placement/ Clock Placement/ Build Placer Device
INFO: [Timing 38-35] Done setting XDC timing constraints.
Phase 1.2 IO Placement/ Clock Placement/ Build Placer Device | Checksum: 10c09d2da

Time (s): cpu = 00:00:01 ; elapsed = 00:00:00.580 . Memory (MB): peak = 1031.355 ; gain = 0.000

Phase 1.3 Build Placer Netlist Model
Phase 1.3 Build Placer Netlist Model | Checksum: 14af37d45

Time (s): cpu = 00:00:01 ; elapsed = 00:00:00.594 . Memory (MB): peak = 1031.355 ; gain = 0.000

Phase 1.4 Constrain Clocks/Macros
Phase 1.4 Constrain Clocks/Macros | Checksum: 14af37d45

Time (s): cpu = 00:00:01 ; elapsed = 00:00:00.597 . Memory (MB): peak = 1031.355 ; gain = 0.000
Phase 1 Placer Initialization | Checksum: 14af37d45

Time (s): cpu = 00:00:01 ; elapsed = 00:00:00.598 . Memory (MB): peak = 1031.355 ; gain = 0.000

Phase 2 Global Placement
WARNING: [Place 46-30] place_design is not in timing mode. Skip physical synthesis in placer
Phase 2 Global Placement | Checksum: 17af0401d

Time (s): cpu = 00:00:02 ; elapsed = 00:00:00.889 . Memory (MB): peak = 1031.355 ; gain = 0.000

Phase 3 Detail Placement

Phase 3.1 Commit Multi Column Macros
Phase 3.1 Commit Multi Column Macros | Checksum: 17af0401d

Time (s): cpu = 00:00:02 ; elapsed = 00:00:00.891 . Memory (MB): peak = 1031.355 ; gain = 0.000

Phase 3.2 Commit Most Macros & LUTRAMs
Phase 3.2 Commit Most Macros & LUTRAMs | Checksum: 1ae3bca93

Time (s): cpu = 00:00:02 ; elapsed = 00:00:00.907 . Memory (MB): peak = 1031.355 ; gain = 0.000

Phase 3.3 Area Swap Optimization
Phase 3.3 Area Swap Optimization | Checksum: 16eda0acf

Time (s): cpu = 00:00:02 ; elapsed = 00:00:00.916 . Memory (MB): peak = 1031.355 ; gain = 0.000

Phase 3.4 Pipeline Register Optimization
Phase 3.4 Pipeline Register Optimization | Checksum: 16eda0acf

Time (s): cpu = 00:00:02 ; elapsed = 00:00:00.917 . Memory (MB): peak = 1031.355 ; gain = 0.000

Phase 3.5 Small Shape Detail Placement
Phase 3.5 Small Shape Detail Placement | Checksum: 1a8982ee5

Time (s): cpu = 00:00:02 ; elapsed = 00:00:00.996 . Memory (MB): peak = 1031.355 ; gain = 0.000

Phase 3.6 Re-assign LUT pins
Phase 3.6 Re-assign LUT pins | Checksum: 1a8982ee5

Time (s): cpu = 00:00:02 ; elapsed = 00:00:01 . Memory (MB): peak = 1031.355 ; gain = 0.000

Phase 3.7 Pipeline Register Optimization
Phase 3.7 Pipeline Register Optimization | Checksum: 1a8982ee5

Time (s): cpu = 00:00:02 ; elapsed = 00:00:01 . Memory (MB): peak = 1031.355 ; gain = 0.000
Phase 3 Detail Placement | Checksum: 1a8982ee5

Time (s): cpu = 00:00:02 ; elapsed = 00:00:01 . Memory (MB): peak = 1031.355 ; gain = 0.000

Phase 4 Post Placement Optimization and Clean-Up

Phase 4.1 Post Commit Optimization
Phase 4.1 Post Commit Optimization | Checksum: 1a8982ee5

Time (s): cpu = 00:00:02 ; elapsed = 00:00:01 . Memory (MB): peak = 1031.355 ; gain = 0.000

Phase 4.2 Post Placement Cleanup
Phase 4.2 Post Placement Cleanup | Checksum: 1a8982ee5

Time (s): cpu = 00:00:02 ; elapsed = 00:00:01 . Memory (MB): peak = 1031.355 ; gain = 0.000

Phase 4.3 Placer Reporting
Phase 4.3 Placer Reporting | Checksum: 1a8982ee5

Time (s): cpu = 00:00:02 ; elapsed = 00:00:01 . Memory (MB): peak = 1031.355 ; gain = 0.000

Phase 4.4 Final Placement Cleanup
Phase 4.4 Final Placement Cleanup | Checksum: 21ee388a5

Time (s): cpu = 00:00:02 ; elapsed = 00:00:01 . Memory (MB): peak = 1031.355 ; gain = 0.000
Phase 4 Post Placement Optimization and Clean-Up | Checksum: 21ee388a5

Time (s): cpu = 00:00:02 ; elapsed = 00:00:01 . Memory (MB): peak = 1031.355 ; gain = 0.000
Ending Placer Task | Checksum: 1b4d6001d

Time (s): cpu = 00:00:02 ; elapsed = 00:00:01 . Memory (MB): peak = 1031.355 ; gain = 0.000
63 Infos, 2 Warnings, 0 Critical Warnings and 0 Errors encountered.
place_design completed successfully
Writing placer database...
Writing XDEF routing.
Writing XDEF routing logical nets.
Writing XDEF routing special nets.
Write XDEF Complete: Time (s): cpu = 00:00:00 ; elapsed = 00:00:00.058 . Memory (MB): peak = 1031.355 ; gain = 0.000
INFO: [Common 17-1381] The checkpoint 'E:/VivadoProjects/sync_12_calculator/sync_12_calculator.runs/impl_1/calculator_12_placed.dcp' has been generated.
report_io: Time (s): cpu = 00:00:00 ; elapsed = 00:00:00.032 . Memory (MB): peak = 1031.355 ; gain = 0.000
report_utilization: Time (s): cpu = 00:00:00 ; elapsed = 00:00:00.023 . Memory (MB): peak = 1031.355 ; gain = 0.000
report_control_sets: Time (s): cpu = 00:00:00 ; elapsed = 00:00:00.002 . Memory (MB): peak = 1031.355 ; gain = 0.000
Command: route_design
Attempting to get a license for feature 'Implementation' and/or device 'xc7a35t-cpg236'
INFO: [Common 17-349] Got license for feature 'Implementation' and/or device 'xc7a35t-cpg236'
Running DRC as a precondition to command route_design
Command: report_drc (run_mandatory_drcs) for: router_checks
INFO: [DRC 23-27] Running DRC with 2 threads
report_drc (run_mandatory_drcs) completed successfully
INFO: [Vivado_Tcl 4-198] DRC finished with 0 Errors
INFO: [Vivado_Tcl 4-199] Please refer to the DRC report (report_drc) for more information.


Starting Routing Task
INFO: [Route 35-254] Multithreading enabled for route_design using a maximum of 2 CPUs
Checksum: PlaceDB: ce70925e ConstDB: 0 ShapeSum: e6656dbf RouteDB: 0

Phase 1 Build RT Design
Phase 1 Build RT Design | Checksum: 1133cf96f

Time (s): cpu = 00:00:20 ; elapsed = 00:00:18 . Memory (MB): peak = 1124.035 ; gain = 92.680

Phase 2 Router Initialization
INFO: [Route 35-64] No timing constraints were detected. The router will operate in resource-optimization mode.

Phase 2.1 Fix Topology Constraints
Phase 2.1 Fix Topology Constraints | Checksum: 1133cf96f

Time (s): cpu = 00:00:20 ; elapsed = 00:00:18 . Memory (MB): peak = 1127.883 ; gain = 96.527

Phase 2.2 Pre Route Cleanup
Phase 2.2 Pre Route Cleanup | Checksum: 1133cf96f

Time (s): cpu = 00:00:20 ; elapsed = 00:00:18 . Memory (MB): peak = 1127.883 ; gain = 96.527
 Number of Nodes with overlaps = 0
Phase 2 Router Initialization | Checksum: 17082ef8c

Time (s): cpu = 00:00:21 ; elapsed = 00:00:18 . Memory (MB): peak = 1133.262 ; gain = 101.906

Phase 3 Initial Routing
Phase 3 Initial Routing | Checksum: 149d7cb30

Time (s): cpu = 00:00:21 ; elapsed = 00:00:19 . Memory (MB): peak = 1133.262 ; gain = 101.906

Phase 4 Rip-up And Reroute

Phase 4.1 Global Iteration 0
 Number of Nodes with overlaps = 1
 Number of Nodes with overlaps = 0
Phase 4.1 Global Iteration 0 | Checksum: 14a0827e8

Time (s): cpu = 00:00:21 ; elapsed = 00:00:19 . Memory (MB): peak = 1133.262 ; gain = 101.906
Phase 4 Rip-up And Reroute | Checksum: 14a0827e8

Time (s): cpu = 00:00:21 ; elapsed = 00:00:19 . Memory (MB): peak = 1133.262 ; gain = 101.906

Phase 5 Delay and Skew Optimization
Phase 5 Delay and Skew Optimization | Checksum: 14a0827e8

Time (s): cpu = 00:00:21 ; elapsed = 00:00:19 . Memory (MB): peak = 1133.262 ; gain = 101.906

Phase 6 Post Hold Fix

Phase 6.1 Hold Fix Iter
Phase 6.1 Hold Fix Iter | Checksum: 14a0827e8

Time (s): cpu = 00:00:21 ; elapsed = 00:00:19 . Memory (MB): peak = 1133.262 ; gain = 101.906
Phase 6 Post Hold Fix | Checksum: 14a0827e8

Time (s): cpu = 00:00:21 ; elapsed = 00:00:19 . Memory (MB): peak = 1133.262 ; gain = 101.906

Phase 7 Route finalize

Router Utilization Summary
  Global Vertical Routing Utilization    = 0.01164 %
  Global Horizontal Routing Utilization  = 0.0163977 %
  Routable Net Status*
  *Does not include unroutable nets such as driverless and loadless.
  Run report_route_status for detailed report.
  Number of Failed Nets               = 0
  Number of Unrouted Nets             = 0
  Number of Partially Routed Nets     = 0
  Number of Node Overlaps             = 0

Congestion Report
North Dir 1x1 Area, Max Cong = 16.2162%, No Congested Regions.
South Dir 1x1 Area, Max Cong = 7.20721%, No Congested Regions.
East Dir 1x1 Area, Max Cong = 20.5882%, No Congested Regions.
West Dir 1x1 Area, Max Cong = 5.88235%, No Congested Regions.
Phase 7 Route finalize | Checksum: 14a0827e8

Time (s): cpu = 00:00:21 ; elapsed = 00:00:19 . Memory (MB): peak = 1133.262 ; gain = 101.906

Phase 8 Verifying routed nets

 Verification completed successfully
Phase 8 Verifying routed nets | Checksum: 14a0827e8

Time (s): cpu = 00:00:21 ; elapsed = 00:00:19 . Memory (MB): peak = 1134.199 ; gain = 102.844

Phase 9 Depositing Routes
Phase 9 Depositing Routes | Checksum: 1ec67b1b2

Time (s): cpu = 00:00:21 ; elapsed = 00:00:19 . Memory (MB): peak = 1134.199 ; gain = 102.844
INFO: [Route 35-16] Router Completed Successfully

Time (s): cpu = 00:00:21 ; elapsed = 00:00:19 . Memory (MB): peak = 1134.199 ; gain = 102.844

Routing Is Done.
71 Infos, 2 Warnings, 0 Critical Warnings and 0 Errors encountered.
route_design completed successfully
route_design: Time (s): cpu = 00:00:23 ; elapsed = 00:00:20 . Memory (MB): peak = 1134.199 ; gain = 102.844
Writing placer database...
Writing XDEF routing.
Writing XDEF routing logical nets.
Writing XDEF routing special nets.
Write XDEF Complete: Time (s): cpu = 00:00:00 ; elapsed = 00:00:00.059 . Memory (MB): peak = 1134.199 ; gain = 0.000
INFO: [Common 17-1381] The checkpoint 'E:/VivadoProjects/sync_12_calculator/sync_12_calculator.runs/impl_1/calculator_12_routed.dcp' has been generated.
Command: report_drc -file calculator_12_drc_routed.rpt -pb calculator_12_drc_routed.pb -rpx calculator_12_drc_routed.rpx
INFO: [DRC 23-27] Running DRC with 2 threads
INFO: [Coretcl 2-168] The results of DRC are in file E:/VivadoProjects/sync_12_calculator/sync_12_calculator.runs/impl_1/calculator_12_drc_routed.rpt.
report_drc completed successfully
Command: report_methodology -file calculator_12_methodology_drc_routed.rpt -rpx calculator_12_methodology_drc_routed.rpx
INFO: [Timing 38-35] Done setting XDC timing constraints.
INFO: [DRC 23-133] Running Methodology with 2 threads
INFO: [Coretcl 2-1520] The results of Report Methodology are in file E:/VivadoProjects/sync_12_calculator/sync_12_calculator.runs/impl_1/calculator_12_methodology_drc_routed.rpt.
report_methodology completed successfully
Command: report_power -file calculator_12_power_routed.rpt -pb calculator_12_power_summary_routed.pb -rpx calculator_12_power_routed.rpx
WARNING: [Power 33-232] No user defined clocks were found in the design!
Resolution: Please specify clocks using create_clock/create_generated_clock for sequential elements. For pure combinatorial circuits, please specify a virtual clock, otherwise the vectorless estimation might be inaccurate
INFO: [Timing 38-35] Done setting XDC timing constraints.
Running Vector-less Activity Propagation...

Finished Running Vector-less Activity Propagation
78 Infos, 3 Warnings, 0 Critical Warnings and 0 Errors encountered.
report_power completed successfully
INFO: [Timing 38-91] UpdateTimingParams: Speed grade: -1, Delay Type: min_max.
INFO: [Timing 38-191] Multithreading enabled for timing update using a maximum of 2 CPUs
WARNING: [Timing 38-313] There are no user specified timing constraints. Timing constraints are needed for proper timing analysis.
Command: write_bitstream -force calculator_12.bit -bin_file
Attempting to get a license for feature 'Implementation' and/or device 'xc7a35t-cpg236'
INFO: [Common 17-349] Got license for feature 'Implementation' and/or device 'xc7a35t-cpg236'
Running DRC as a precondition to command write_bitstream
Command: report_drc (run_mandatory_drcs) for: bitstream_checks
INFO: [DRC 23-27] Running DRC with 2 threads
WARNING: [DRC CFGBVS-1] Missing CFGBVS and CONFIG_VOLTAGE Design Properties: Neither the CFGBVS nor CONFIG_VOLTAGE voltage property is set in the current_design.  Configuration bank voltage select (CFGBVS) must be set to VCCO or GND, and CONFIG_VOLTAGE must be set to the correct configuration voltage, in order to determine the I/O voltage support for the pins in bank 0.  It is suggested to specify these either using the 'Edit Device Properties' function in the GUI or directly in the XDC file using the following syntax:

 set_property CFGBVS value1 [current_design]
 #where value1 is either VCCO or GND

 set_property CONFIG_VOLTAGE value2 [current_design]
 #where value2 is the voltage provided to configuration bank 0

Refer to the device configuration user guide for more information.
report_drc (run_mandatory_drcs) completed successfully
INFO: [Vivado 12-3199] DRC finished with 0 Errors, 1 Warnings
INFO: [Vivado 12-3200] Please refer to the DRC report (report_drc) for more information.
INFO: [Project 1-821] Please set project.enableDesignId to be 'true'.
INFO: [Designutils 20-2272] Running write_bitstream with 2 threads.
Loading data files...
Loading site data...
Loading route data...
Processing options...
Creating bitmap...
Creating bitstream...
Writing bitstream ./calculator_12.bit...
Writing bitstream ./calculator_12.bin...
INFO: [Vivado 12-1842] Bitgen Completed Successfully.
INFO: [Project 1-120] WebTalk data collection is mandatory when using a WebPACK part without a full Vivado license. To see the specific WebTalk data collected for your design, open the usage_statistics_webtalk.html or usage_statistics_webtalk.xml file in the implementation directory.
88 Infos, 5 Warnings, 0 Critical Warnings and 0 Errors encountered.
write_bitstream completed successfully
write_bitstream: Time (s): cpu = 00:00:14 ; elapsed = 00:00:20 . Memory (MB): peak = 1512.137 ; gain = 339.098
INFO: [Vivado_Tcl 4-395] Unable to parse hwdef file calculator_12.hwdef
INFO: [Common 17-206] Exiting Vivado at Sun Dec 10 20:58:32 2017...

*** Running vivado
    with args -log calculator_12.vdi -applog -m64 -product Vivado -messageDb vivado.pb -mode batch -source calculator_12.tcl -notrace


****** Vivado v2017.2 (64-bit)
  **** SW Build 1909853 on Thu Jun 15 18:39:09 MDT 2017
  **** IP Build 1909766 on Thu Jun 15 19:58:00 MDT 2017
    ** Copyright 1986-2017 Xilinx, Inc. All Rights Reserved.

source calculator_12.tcl -notrace
Command: open_checkpoint calculator_12_routed.dcp

Starting open_checkpoint Task

Time (s): cpu = 00:00:00 ; elapsed = 00:00:00.021 . Memory (MB): peak = 221.047 ; gain = 0.000
INFO: [Netlist 29-17] Analyzing 18 Unisim elements for replacement
INFO: [Netlist 29-28] Unisim Transformation completed in 0 CPU seconds
INFO: [Project 1-479] Netlist was created with Vivado 2017.2
INFO: [Device 21-403] Loading part xc7a35tcpg236-1
INFO: [Project 1-570] Preparing netlist for logic optimization
Parsing XDC File [E:/VivadoProjects/sync_12_calculator/sync_12_calculator.runs/impl_1/.Xil/Vivado-6216-LAPTOP-BBTT6KDL/dcp3/calculator_12.xdc]
Finished Parsing XDC File [E:/VivadoProjects/sync_12_calculator/sync_12_calculator.runs/impl_1/.Xil/Vivado-6216-LAPTOP-BBTT6KDL/dcp3/calculator_12.xdc]
Reading XDEF placement.
Reading placer database...
Reading XDEF routing.
Read XDEF File: Time (s): cpu = 00:00:00 ; elapsed = 00:00:00.119 . Memory (MB): peak = 476.184 ; gain = 0.000
Restored from archive | CPU: 0.000000 secs | Memory: 0.000000 MB |
Finished XDEF File Restore: Time (s): cpu = 00:00:00 ; elapsed = 00:00:00.120 . Memory (MB): peak = 476.184 ; gain = 0.000
INFO: [Project 1-111] Unisim Transformation Summary:
No Unisim elements were transformed.

INFO: [Project 1-604] Checkpoint was created with Vivado v2017.2 (64-bit) build 1909853
open_checkpoint: Time (s): cpu = 00:00:06 ; elapsed = 00:00:07 . Memory (MB): peak = 480.254 ; gain = 260.012
Command: write_bitstream -force calculator_12.bit -bin_file
Attempting to get a license for feature 'Implementation' and/or device 'xc7a35t-cpg236'
INFO: [Common 17-349] Got license for feature 'Implementation' and/or device 'xc7a35t-cpg236'
Running DRC as a precondition to command write_bitstream
Command: report_drc (run_mandatory_drcs) for: bitstream_checks
INFO: [DRC 23-27] Running DRC with 2 threads
WARNING: [DRC CFGBVS-1] Missing CFGBVS and CONFIG_VOLTAGE Design Properties: Neither the CFGBVS nor CONFIG_VOLTAGE voltage property is set in the current_design.  Configuration bank voltage select (CFGBVS) must be set to VCCO or GND, and CONFIG_VOLTAGE must be set to the correct configuration voltage, in order to determine the I/O voltage support for the pins in bank 0.  It is suggested to specify these either using the 'Edit Device Properties' function in the GUI or directly in the XDC file using the following syntax:

 set_property CFGBVS value1 [current_design]
 #where value1 is either VCCO or GND

 set_property CONFIG_VOLTAGE value2 [current_design]
 #where value2 is the voltage provided to configuration bank 0

Refer to the device configuration user guide for more information.
report_drc (run_mandatory_drcs) completed successfully
INFO: [Vivado 12-3199] DRC finished with 0 Errors, 1 Warnings
INFO: [Vivado 12-3200] Please refer to the DRC report (report_drc) for more information.
INFO: [Project 1-821] Please set project.enableDesignId to be 'true'.
INFO: [Designutils 20-2272] Running write_bitstream with 2 threads.
Loading data files...
Loading site data...
Loading route data...
Processing options...
Creating bitmap...
Creating bitstream...
Writing bitstream ./calculator_12.bit...
Writing bitstream ./calculator_12.bin...
INFO: [Vivado 12-1842] Bitgen Completed Successfully.
INFO: [Project 1-120] WebTalk data collection is mandatory when using a WebPACK part without a full Vivado license. To see the specific WebTalk data collected for your design, open the usage_statistics_webtalk.html or usage_statistics_webtalk.xml file in the implementation directory.
INFO: [Common 17-186] 'E:/VivadoProjects/sync_12_calculator/sync_12_calculator.runs/impl_1/usage_statistics_webtalk.xml' has been successfully sent to Xilinx on Sun Dec 10 21:01:36 2017. For additional details about this file, please refer to the WebTalk help file at E:/Vivado/Vivado/2017.2/doc/webtalk_introduction.html.
16 Infos, 1 Warnings, 0 Critical Warnings and 0 Errors encountered.
write_bitstream completed successfully
write_bitstream: Time (s): cpu = 00:00:13 ; elapsed = 00:00:18 . Memory (MB): peak = 844.762 ; gain = 364.508
INFO: [Vivado_Tcl 4-395] Unable to parse hwdef file calculator_12.hwdef
INFO: [Common 17-206] Exiting Vivado at Sun Dec 10 21:01:36 2017...
