Exception at PC 0x00007FFD6507BB93
Printing stacktrace...

[0]  [0x00007FFD6507BB93]
[1]  [0x00007FFD6507BB93]
[2]  [0x00007FFD6507B4A1]
[3]  [0x00007FFD6507B3EF]
[4]  [0x00007FFD650619FE]
[5]  [0x00007FFD65060ED1]
[6]  [0x00007FFD65060D76]
[7]  [0x00007FFD650079F6]
[8]  [0x00007FFD64FF7AFB]
[9]  [0x00007FFD6511E90A]
[10]  [0x00007FFD65139F87]
[11]  [0x00007FFD6513A05F]
[12] (BaseThreadInitThunk+0x14) [0x00007FFDD3158364]
[13] (RtlUserThreadStart+0x21) [0x00007FFDD32D5E91]
Done
Exception at PC 0x00007FFD64D81A52
Attemped to write at address 0x00007FFDA9EFABA4
Printing stacktrace...

[0]  [0x00007FFD64D81A52]
[1]  [0x00007FFD64D81A52]
[2]  [0x00007FFD64D81AD4]
[3]  [0x00007FFD64EC3FF7]
[4]  [0x00007FFD64DA9128]
[5]  [0x00007FFD6505DFB9]
[6]  [0x00007FFD6522EF23]
[7]  [0x00007FFD6513B06B]
[8]  [0x00007FFD651308AF]
[9]  [0x00007FFD65130A32]
[10] (RtlDeactivateActivationContextUnsafeFast+0x1bf) [0x00007FFDD3299D9F]
[11] (LdrShutdownProcess+0x14b) [0x00007FFDD327806B]
[12] (RtlExitUserProcess+0xb4) [0x00007FFDD3277D94]
[13] (ExitProcess+0xa) [0x00007FFDD316CE6A]
[14] (exit+0x85) [0x00007FFDD304A4A5]
[15] (initterm_e+0x231) [0x00007FFDD304AB01]
[16]  [0x00000000004014CD]
[17]  [0x000000000040151B]
[18] (BaseThreadInitThunk+0x14) [0x00007FFDD3158364]
[19] (RtlUserThreadStart+0x21) [0x00007FFDD32D5E91]
Done
